[2016-11-22T12:18:17Z] Program starts
[2016-11-22T12:18:25Z] {"text": "@SkyNewsWeather Nigel has no axe to grind. Its come about Nigel has become favored by Trump. May, listen to the general feeling why not.", "geo": [-2.93280208, 53.26350103], "user": "GrahamLee18", "time": "2016-11-22T17:18:25Z"}
[2016-11-22T12:19:54Z] {"text": "⒍ Bernie Ecclestone\n⒎ Yoona\n⒏ Selena Gomez\n⒐ Fantastic Beasts\n⒑ Google\n\n2016/11/23 01:13 SGT #trndnl https://t.co/psP0GzBgZB", "geo": [103.8277, 1.3656], "user": "trendinaliaSG", "time": "2016-11-22T17:19:53Z"}
[2016-11-22T12:19:55Z] {"text": "⒍ #TravelTuesday\n⒎ Press in the Era of Trump\n⒏ James Corden\n⒐ Ray J\n⒑ President John F. Kennedy\n\n2016/11/22 11:13 CST", "geo": [-77.029, 38.8991], "user": "trendinaliaUS", "time": "2016-11-22T17:19:55Z"}
[2016-11-22T12:20:42Z] {"text": "See our latest #OrchardPark, NY #job and click to apply: Sales Representative - Entry Level - Upstate New York - https://t.co/5tPk82nGBt", "geo": [-78.7439189, 42.7675593], "user": "tmj_buf_sales", "time": "2016-11-22T17:20:41Z"}
[2016-11-22T12:20:55Z] {"text": "Can you recommend anyone for this #job? Driver Helper - https://t.co/ZGWINqQyhg #Transportation #easthampton, new york #Hiring #CareerArc", "geo": [-72.1848009, 40.9634335], "user": "tmj_cte_transp", "time": "2016-11-22T17:20:54Z"}
[2016-11-22T12:20:57Z] {"text": "I'm at @LeDistrictNy in New York, NY https://t.co/iPmZZmRkJO", "geo": [-74.01592272, 40.71310912], "user": "nonsanaementis", "time": "2016-11-22T17:20:57Z"}
[2016-11-22T12:20:58Z] {"text": "I'm at Hale &amp; Hearty - @haleandheartyny in New York, NY w/ @alindenauer https://t.co/FCNDlGxLaO https://t.co/YXWRKwVGWl", "geo": [-73.98308041, 40.76016548], "user": "AdamWiener", "time": "2016-11-22T17:20:57Z"}
[2016-11-22T12:21:04Z] {"text": "Tinder gets u a target, Uber takes you there, and AirBnb sorts place SMH! \"@LefaBkBobo: The generation of Uber, AirBnb and Tinder .. LOL!\"", "geo": [25.900995, -24.621093], "user": "UnaswiMothuti", "time": "2016-11-22T17:21:02Z"}
[2016-11-24T00:15:10Z] Program starts
[2016-11-24T00:15:54Z] {"text": "I'm at @Casa_Mezcal_ny in New York, NY https://t.co/Wbs1URU4Yw", "geo": [-73.99031734, 40.71805533], "user": "EpsiloN713", "time": "2016-11-24T05:15:53Z"}
[2016-11-24T00:16:40Z] {"text": "#DietPepsi @dietpepsi (@ Westside Market in New York, NY) https://t.co/HW7s9A1tJ1 https://t.co/tnF955bKjr", "geo": [-73.97111967, 40.79567476], "user": "prinzezzcharmin", "time": "2016-11-24T05:16:39Z"}
[2016-11-24T00:18:20Z] {"text": "#Top3Apps for 'Quickie in the Restroom'\n\nTweetDeck 79%\nhttps://t.co/42EhhVtGqz 6%\nGoogle 3%", "geo": [8.6742, 9.0846], "user": "trendinaliaNG", "time": "2016-11-24T05:18:20Z"}
[2016-11-24T00:19:24Z] {"text": "🇺🇸🌬❄️🎅🏼 New York @ W New York - Times Square https://t.co/zTKpKYOLwp", "geo": [-73.98545396, 40.75906539], "user": "MKM123123", "time": "2016-11-24T05:19:24Z"}
[2016-11-24T00:20:01Z] {"text": "#Trump in 2016 Temp:Crab Orchard, Ky.\":50.4°F Wind:2.0mph Pressure: 30.03hpa Falling slowly Rain Today 0.00in.  Forecast: Unsettled, precip", "geo": [-84.51194444, 37.47472222], "user": "AppaloosaGuy", "time": "2016-11-24T05:20:00Z"}
[2016-11-24T00:20:02Z] {"text": "#JFK #SAN New York JFK -&gt; San Diego $243 https://t.co/XGSQ8h6dVu", "geo": [-73.7789, 40.6397], "user": "flyingrockdeals", "time": "2016-11-24T05:20:02Z"}
[2016-11-24T00:21:07Z] {"text": "We are on Facebook! Like us on facebook!! #FacebookLike #FirstWebGroup #WebDesign #SEO #Wordpress https://t.co/aA09kDrUeI", "geo": [-93.26384, 44.97997], "user": "FirstWebGroup", "time": "2016-11-24T05:21:07Z"}
[2016-11-24T00:21:16Z] {"text": "I ❤️ New York! (Mesmo morrendo de frio ❄️☃❄️⛄️) @ The City College of New York https://t.co/oMzhm0UrtM", "geo": [-73.95036, 40.82021], "user": "alinalyra", "time": "2016-11-24T05:21:15Z"}
[2016-11-24T00:21:31Z] {"text": "I'm at Tudor City in New York, NY https://t.co/yrl0RLFTkk", "geo": [-73.97064329, 40.74947559], "user": "DoriansGray", "time": "2016-11-24T05:21:30Z"}
[2016-11-24T00:21:54Z] {"text": "I'm at New York-New York Hotel &amp; Casino - @nynyvegas in Las Vegas, NV https://t.co/WvwAIcweOE", "geo": [-115.17413764, 36.10207659], "user": "final_station", "time": "2016-11-24T05:21:54Z"}
[2016-11-24T00:22:01Z] {"text": "literature. @ New York, New York https://t.co/839E2ssErU", "geo": [-74.0064, 40.7142], "user": "RealDontae", "time": "2016-11-24T05:22:01Z"}
[2016-11-24T00:23:09Z] {"text": "Join the Trump Hotels team! See our latest #job opening here: https://t.co/5iXcWEyjtP #Sales #NewYork, NY #Hiring", "geo": [-74.0054946, 40.7253319], "user": "weareteamtrump", "time": "2016-11-24T05:23:08Z"}
[2016-11-24T00:24:20Z] {"text": "I'm at The Blond in New York, NY https://t.co/vFMYewZwUv", "geo": [-73.999988, 40.719149], "user": "nazcolakoglu", "time": "2016-11-24T05:24:19Z"}
[2016-11-24T00:25:01Z] {"text": "#Trump in 2016 Temp:Crab Orchard, Ky.\":50.2°F Wind:2.5mph Pressure: 30.03hpa Falling slowly Rain Today 0.00in.  Forecast: Unsettled, precip", "geo": [-84.51194444, 37.47472222], "user": "AppaloosaGuy", "time": "2016-11-24T05:25:00Z"}
[2016-11-24T00:25:03Z] {"text": "I'm at City of Columbia in Columbia, SC https://t.co/fILOKpw8BH", "geo": [-81.03610119, 34.00271202], "user": "shonet86", "time": "2016-11-24T05:25:03Z"}
[2016-11-24T00:25:04Z] {"text": "I'm at JFK AirTrain - Federal Circle Station in New York, NY https://t.co/zD4g48yNxu", "geo": [-73.80353451, 40.65972455], "user": "DizzyMissRuby", "time": "2016-11-24T05:25:03Z"}
[2016-11-24T00:25:10Z] {"text": "Yeesshhh!! I need more likes to my facebook page check it out #facebooklikes #facebookme https://t.co/8WWZhkSkJx", "geo": [-83.04575, 42.33143], "user": "jovan_shabazz", "time": "2016-11-24T05:25:09Z"}
[2016-11-24T00:25:33Z] {"text": "I'm at @Hertz in New York City, NY https://t.co/369WwYZA6J", "geo": [-73.803892, 40.659604], "user": "DizzyMissRuby", "time": "2016-11-24T05:25:33Z"}
[2016-11-24T00:25:39Z] {"text": "Follow me you guys on my facebook page  https://t.co/bPfW9fP2Dp https://t.co/OXhoxh2e3j", "geo": [-78.16514, 43.9594], "user": "WeWontStop22", "time": "2016-11-24T05:25:39Z"}
[2016-11-24T00:27:05Z] {"text": "Meeting with team Google Street &amp; Google Station. Next Project.… (w/ Agus, Erna, &amp; Dipta at @google_idn) [pic] — https://t.co/OFFuDvLbz9", "geo": [106.79844, -6.22749], "user": "stevanoezious", "time": "2016-11-24T05:27:04Z"}
[2016-11-24T00:27:30Z] <class 'botocore.exceptions.ClientError'>: An error occurred (AWS.SimpleQueueService.NonExistentQueue) when calling the SendMessage operation: The specified queue does not exist for this wsdl version.
[2016-11-24T00:27:59Z] <class 'botocore.exceptions.ClientError'>: An error occurred (AWS.SimpleQueueService.NonExistentQueue) when calling the SendMessage operation: The specified queue does not exist for this wsdl version.
[2016-11-24T00:28:18Z] <class 'botocore.exceptions.ClientError'>: An error occurred (AWS.SimpleQueueService.NonExistentQueue) when calling the SendMessage operation: The specified queue does not exist for this wsdl version.
[2016-11-24T00:28:19Z] <class 'botocore.exceptions.ClientError'>: An error occurred (AWS.SimpleQueueService.NonExistentQueue) when calling the SendMessage operation: The specified queue does not exist for this wsdl version.
[2016-11-24T00:28:19Z] <class 'botocore.exceptions.ClientError'>: An error occurred (AWS.SimpleQueueService.NonExistentQueue) when calling the SendMessage operation: The specified queue does not exist for this wsdl version.
[2016-11-24T00:28:34Z] <class 'botocore.exceptions.ClientError'>: An error occurred (AWS.SimpleQueueService.NonExistentQueue) when calling the SendMessage operation: The specified queue does not exist for this wsdl version.
[2016-11-24T00:29:28Z] Program starts
[2016-11-24T00:29:51Z] {"text": "Super chocolate! - Drinking a Sanders Bumpy Cake by @Oldnationbrew @ The Butter Run Saloon  — https://t.co/KmHmPc9l1A", "geo": [-82.8976, 42.4957], "user": "Bacadiar", "time": "2016-11-24T05:29:51Z"}
[2016-11-24T00:30:01Z] {"text": "#Trump in 2016 Temp:Crab Orchard, Ky.\":50.2°F Wind:3.6mph Pressure: 30.06hpa Steady Rain Today 0.00in.  Forecast: Fairly fine, showers like", "geo": [-84.51194444, 37.47472222], "user": "AppaloosaGuy", "time": "2016-11-24T05:30:00Z"}
[2016-11-24T00:33:12Z] {"text": "🙏 have an amazingly beautiful holiday season! @ Washington, District of Columbia https://t.co/0LjuSxeU9a", "geo": [-77.0367, 38.8951], "user": "KENNYMAJEST", "time": "2016-11-24T05:33:11Z"}
[2016-11-24T00:33:58Z] {"text": "I'm at George Washington Bridge in New York, NY https://t.co/hKKO2BlB6n", "geo": [-73.95078354, 40.85125766], "user": "SMediaSamurai", "time": "2016-11-24T05:33:58Z"}
[2016-11-24T00:34:09Z] {"text": "Jover's are out #biggestbarnight #dc @ Washington, District of Columbia https://t.co/XAoJZYA0qJ", "geo": [-77.0367, 38.8951], "user": "kevinthejvr", "time": "2016-11-24T05:34:09Z"}
[2016-11-24T00:35:01Z] {"text": "#Trump in 2016 Temp:Crab Orchard, Ky.\":50.2°F Wind:1.3mph Pressure: 30.06hpa Steady Rain Today 0.00in.  Forecast: Fairly fine, showers like", "geo": [-84.51194444, 37.47472222], "user": "AppaloosaGuy", "time": "2016-11-24T05:35:00Z"}
[2016-11-24T00:36:09Z] {"text": "Live from New York. #macysthanksgivingdayparade #macysballooninflation #uws #nyc #madeinny @ New… https://t.co/NPqPYUzdy1", "geo": [-74.0064, 40.7142], "user": "cotyatwood", "time": "2016-11-24T05:36:08Z"}
[2016-11-24T00:40:01Z] {"text": "#Trump in 2016 Temp:Crab Orchard, Ky.\":50.4°F Wind:1.6mph Pressure: 30.06hpa Steady Rain Today 0.00in.  Forecast: Fairly fine, showers like", "geo": [-84.51194444, 37.47472222], "user": "AppaloosaGuy", "time": "2016-11-24T05:40:00Z"}
[2016-11-24T00:40:19Z] {"text": "Facebook feed. 🤓 @ Eco Tower 32nd Street, Fort Bonifacio https://t.co/e0wPKnhMCn", "geo": [121.0516072, 14.5532472], "user": "lessvocals", "time": "2016-11-24T05:40:18Z"}
[2016-11-24T00:42:01Z] {"text": "My world 🌎 I love you kids so much #prouddad @ New York, New York https://t.co/zGZUkkxPat", "geo": [-74.0064, 40.7142], "user": "MakeAdaMoney", "time": "2016-11-24T05:42:00Z"}
[2016-11-24T00:42:15Z] {"text": "Salud !! @ New York, New York https://t.co/HPJjfw1R2l", "geo": [-74.0064, 40.7142], "user": "laina1212", "time": "2016-11-24T05:42:15Z"}
[2016-11-24T00:42:50Z] {"text": "Chelsea, New York City. @ Chelsea, Manhattan https://t.co/nOFosIgCjO", "geo": [-74.002222, 40.745278], "user": "tammertron", "time": "2016-11-24T05:42:50Z"}
[2016-11-24T00:42:59Z] {"text": "Just live your life, yeah !! @ New York, New York https://t.co/9VzArrPDWt", "geo": [-74.0064, 40.7142], "user": "laina1212", "time": "2016-11-24T05:42:59Z"}
[2016-11-24T00:43:05Z] {"text": "For the 45th year, the Mozel Sanders foundation will be serving up free meals on Thanksgiving… https://t.co/A04CNfRndQ", "geo": [-86.15650321, 39.76690667], "user": "IndianapolisCP", "time": "2016-11-24T05:43:05Z"}
[2016-11-24T00:43:11Z] {"text": "https://t.co/8lAqzPgCWn @ The Gramercy Theatre https://t.co/JR2v8DX1S7", "geo": [-73.98504135, 40.73974164], "user": "counterpunchrok", "time": "2016-11-24T05:43:11Z"}
[2016-11-24T00:44:07Z] {"text": "the frame game @ Vancouver, British Columbia https://t.co/2UXbu87SqF", "geo": [-123.1, 49.25], "user": "katherinecolwel", "time": "2016-11-24T05:44:07Z"}
[2016-11-24T00:44:40Z] {"text": "#2morrow brooklynrocks2214 @ Southampton (village), New York https://t.co/MQUXgoRonD", "geo": [-72.3953, 40.8853], "user": "DJMITTY_JAMKAM", "time": "2016-11-24T05:44:39Z"}
[2016-11-24T00:44:42Z] {"text": "Kush Kings #mountvernon @ Mount Vernon, New York https://t.co/EXMlw9kpRq", "geo": [-73.83055556, 40.91416667], "user": "destiny_mata", "time": "2016-11-24T05:44:42Z"}
[2016-11-24T00:44:55Z] {"text": "OK GO never failed 👏👏👏 https://t.co/qbwIjR302B", "geo": [112.06442361, -6.89463631], "user": "caturan_", "time": "2016-11-24T05:44:54Z"}
[2016-11-24T00:45:01Z] {"text": "#Trump in 2016 Temp:Crab Orchard, Ky.\":50.4°F Wind:2.5mph Pressure: 30.06hpa Steady Rain Today 0.00in.  Forecast: Fairly fine, showers like", "geo": [-84.51194444, 37.47472222], "user": "AppaloosaGuy", "time": "2016-11-24T05:45:00Z"}
[2016-11-24T00:45:11Z] {"text": "#Trump in 2016 Temp:Crab Orchard, Ky.\":50.4°F Wind:2.5mph Pressure: 30.06hpa Steady Rain Today 0.00in.  Forecast: Fairly fine, showers like", "geo": [-84.51194444, 37.47472222], "user": "AppaloosaGuy", "time": "2016-11-24T05:45:00Z"}
[2016-11-24T00:45:14Z] {"text": "Just pray for him damn. 😡 @ New York, New York https://t.co/S7yKbsp6WI", "geo": [-74.0064, 40.7142], "user": "SENSEIMACK", "time": "2016-11-24T05:45:14Z"}
[2016-11-24T00:45:31Z] {"text": "This is hilarious. RT @melgillman: OMG THE TRUMP ORNAMENT AMAZON REVIEWS  https://t.co/Qp7YccYHCm https://t.co/dFJjKasPY5", "geo": [-113.573028, 53.46010542], "user": "pwmartin", "time": "2016-11-24T05:45:30Z"}
[2016-11-24T00:46:05Z] {"text": "Sweet cat stunts @ City Of White Plains, New York. https://t.co/CsNUpWjUbD", "geo": [-73.76203747, 41.0318777], "user": "fundogmo", "time": "2016-11-24T05:46:05Z"}
[2016-11-24T00:46:22Z] {"text": "📈 \"green bean casserole\" is trending today on Google USA (200000+ searches) https://t.co/ouageZeSzc", "geo": [-77.029, 38.8991], "user": "trendinaliaUS", "time": "2016-11-24T05:46:22Z"}
[2016-11-24T00:46:27Z] {"text": "📈 \"Thanksgiving 2016\" is trending today on Google India (20000+ searches) https://t.co/VuxCxqAdnN", "geo": [82.7948, 21.7866], "user": "trendinaliaIN", "time": "2016-11-24T05:46:26Z"}
[2016-11-24T00:46:28Z] {"text": "📈 \"Manchester City\" is trending today on Google Indonesia (5000+ searches) https://t.co/1zhhbLCOFE", "geo": [113.9174, 0.1097], "user": "trendinaliaID", "time": "2016-11-24T05:46:28Z"}
[2016-11-24T00:46:34Z] {"text": "📈 \"heilbot\" is trending today on Google Nederland (2000+ searches) https://t.co/RB6d5uiI3f", "geo": [4.8932, 52.3731], "user": "trendinaliaNL", "time": "2016-11-24T05:46:33Z"}
[2016-11-24T00:46:34Z] {"text": "📈 \"PSV\" is trending today on Google Nederland (20000+ searches) https://t.co/mDnDzUbIrD", "geo": [4.8932, 52.3731], "user": "trendinaliaNL", "time": "2016-11-24T05:46:34Z"}
[2016-11-24T00:46:38Z] {"text": "📈 \"Happy Thanksgiving\" is trending today on Google Philippines (2000+ searches) https://t.co/b2j2M9hYKx", "geo": [120.7391, 15.5931], "user": "trendinaliaPI", "time": "2016-11-24T05:46:38Z"}
[2016-11-24T00:46:41Z] {"text": "📈 \"Barcelona\" is trending today on Google South Africa (2000+ searches) https://t.co/0K0lDMR4dn", "geo": [24.677, -28.4832], "user": "trendinaliaZA", "time": "2016-11-24T05:46:41Z"}
[2016-11-24T00:46:42Z] {"text": "📈 \"Edgars Black Friday\" is trending today on Google South Africa (2000+ searches) https://t.co/X9pEWKE0nO", "geo": [24.677, -28.4832], "user": "trendinaliaZA", "time": "2016-11-24T05:46:42Z"}
[2016-11-24T00:46:44Z] {"text": "📈 \"FC Barcelona\" is trending today on Google Malaysia (2000+ searches) https://t.co/bD10DOzTWh", "geo": [114.4017, 3.9451], "user": "trendinaliaMY", "time": "2016-11-24T05:46:44Z"}
[2016-11-24T00:46:45Z] {"text": "📈 \"Thanksgiving\" is trending today on Google Malaysia (2000+ searches) https://t.co/ceyc2sU0g8", "geo": [114.4017, 3.9451], "user": "trendinaliaMY", "time": "2016-11-24T05:46:45Z"}
[2016-11-24T00:46:46Z] {"text": "📈 \"Thanksgiving\" is trending today on Google Sverige (2000+ searches) https://t.co/nUv8FIAcL0", "geo": [17.5514, 62.1984], "user": "trendinaliaSE", "time": "2016-11-24T05:46:46Z"}
[2016-11-24T00:49:22Z] {"text": "Just Google Map \"Vape Shop in Torrance\" or \"Smoke Shop in Torrance\" to find Prestige Smoke and… https://t.co/OknEvgJcrk", "geo": [-118.345408, 33.876547], "user": "310Prestige", "time": "2016-11-24T05:49:21Z"}
[2016-11-24T00:50:00Z] {"text": "#FreshAwn on top of \n#TimeSquarRecordingStudios\n\n😰I'm afraid of heights @ Broadway, New York https://t.co/gl7Ih5KzY8", "geo": [-73.982069, 40.770139], "user": "FreshAwn", "time": "2016-11-24T05:49:59Z"}
[2016-11-24T00:50:00Z] {"text": "happy birthday G! 🎉 from New York to Dallas to Austin &amp; back, you've been a friend. Thank you!… https://t.co/3JBR1ZAYqG", "geo": [-74.0064, 40.7142], "user": "JayMoneyG", "time": "2016-11-24T05:50:00Z"}
[2016-11-24T00:50:01Z] {"text": "#Trump in 2016 Temp:Crab Orchard, Ky.\":50.5°F Wind:2.9mph Pressure: 30.06hpa Steady Rain Today 0.00in.  Forecast: Fine, possible showers", "geo": [-84.51194444, 37.47472222], "user": "AppaloosaGuy", "time": "2016-11-24T05:50:00Z"}
[2016-11-24T00:50:43Z] {"text": "Watch \"Jon Stewart on President-elect Trump, hypocrisy in America\" on YouTube - https://t.co/2Bvq5zR3mx", "geo": [-75.5095629, 38.9286032], "user": "GenGod77", "time": "2016-11-24T05:50:43Z"}
[2016-11-24T00:50:45Z] {"text": "#timessquare #friorico❄️ @ Times Square, New York City https://t.co/opIhvdJHGA", "geo": [-73.98644, 40.75839], "user": "ivan_bianconeri", "time": "2016-11-24T05:50:44Z"}
[2016-11-24T00:52:18Z] {"text": "Guess #amazon wanted y'all to get it early! Available now on #kindle \"The Grinders\" ( a live to… https://t.co/9czSKQIgsV", "geo": [-86.123853, 39.79060502], "user": "jmbenjamin", "time": "2016-11-24T05:52:18Z"}
[2016-11-24T00:53:55Z] {"text": "HAPPY THANKSGIVING 🍁🍽🦃  TO ALL MY #INSTAGRAM#FACEBOOK#AND LOYAL CUSTOMERS ONTHEAVE TO U AND UR… https://t.co/royDKiPCZh", "geo": [-74.04961, 40.74528], "user": "ontheave222", "time": "2016-11-24T05:53:53Z"}
[2016-11-24T00:53:59Z] {"text": "Just posted a video @ Manhattan, New York https://t.co/GQh4e3ha1w", "geo": [-73.9675, 40.7779], "user": "rukiyeucal", "time": "2016-11-24T05:53:59Z"}
[2016-11-24T00:54:40Z] {"text": "I'm at Café Amazon in Din Daeng, Bangkok https://t.co/8oGD6DcL1I", "geo": [100.56332639, 13.78949218], "user": "sittimate", "time": "2016-11-24T05:54:40Z"}
[2016-11-24T00:54:54Z] {"text": "Wiggy's B'day Pt. 2 (@ McFadden's Saloon - @mcfaddens_nyc in New York, NY) https://t.co/r7cm6VhYF3", "geo": [-73.97221591, 40.74996198], "user": "JamalLaForce", "time": "2016-11-24T05:54:54Z"}
[2016-11-24T00:55:00Z] {"text": "#Trump in 2016 Temp:Crab Orchard, Ky.\":50.7°F Wind:3.4mph Pressure: 30.06hpa Steady Rain Today 0.00in.  Forecast: Fairly fine, showers like", "geo": [-84.51194444, 37.47472222], "user": "AppaloosaGuy", "time": "2016-11-24T05:55:00Z"}
[2016-11-24T00:55:08Z] {"text": "👭 @ New York, New York https://t.co/ndWTLw0I8j", "geo": [-74.0064, 40.7142], "user": "HennyPenny__", "time": "2016-11-24T05:55:08Z"}
[2016-11-24T00:56:00Z] {"text": "Love, work, vitality, your day won't have any secrets anymore.\nAndroid: https://t.co/mKyyejKaPN \niPhone/iPad: https://t.co/QTRxhs5oQ0", "geo": [-81.591472, 41.4811887], "user": "JaxBivens", "time": "2016-11-24T05:56:00Z"}
[2016-11-24T00:56:07Z] {"text": "Braised short ribs #idontplayinthekitchen. Now I can sleep. Happy Thanksgiving!! @ New York, New… https://t.co/gPE8s4y15r", "geo": [-74.0064, 40.7142], "user": "sallyAstewart", "time": "2016-11-24T05:56:06Z"}
[2016-11-24T00:56:22Z] {"text": "I'm at cafe' Amazon at Ya'Mo https://t.co/3BTrNMf8np", "geo": [102.09790997, 14.9748945], "user": "mintmintra28", "time": "2016-11-24T05:56:22Z"}
[2016-11-24T00:57:24Z] {"text": "Think back to your high school history class. How many women did you learn about? | https://t.co/JXhtq3oVum", "geo": [77.565943, 12.911572], "user": "sid_shenoy", "time": "2016-11-24T05:57:24Z"}
[2016-11-24T00:57:45Z] {"text": "Trump's diplomacy is you love him and you agree with him and you do what he tells you to do and you like doing what he tells you to do", "geo": [-123.36995452, 48.41703056], "user": "LeeHendy", "time": "2016-11-24T05:57:45Z"}
[2016-11-24T00:58:17Z] {"text": "We Voted for Donald J. TRUMP b/c we believe he can do the country good. \nWe don't need to pick his Cabinet. \nHave a little faith.", "geo": [-119.8031043, 39.5009352], "user": "jkruzel25", "time": "2016-11-24T05:58:17Z"}
[2016-11-24T00:59:15Z] {"text": "I'm at @RevivalBarnyc in New York, NY w/ @ash0283 https://t.co/qCqPMSdHDl", "geo": [-73.98784958, 40.73445149], "user": "CodeNY", "time": "2016-11-24T05:59:15Z"}
[2016-11-24T01:00:00Z] {"text": "@ebbtideapp Tide in College Pt, New York 11/24/2016\nHigh  3:04am  7.2\n Low  9:34am -0.0\nHigh  3:32pm  6.6\n Low  9:53pm  0.2", "geo": [-73.8567, 40.7833], "user": "ebbtidebot", "time": "2016-11-24T06:00:00Z"}
[2016-11-24T01:00:05Z] {"text": "#Trump in 2016 Temp:Crab Orchard, Ky.\":50.7°F Wind:3.1mph Pressure: 30.06hpa Steady Rain Today 0.00in.  Forecast: Fine, possible showers", "geo": [-84.51194444, 37.47472222], "user": "AppaloosaGuy", "time": "2016-11-24T06:00:01Z"}
[2016-11-24T01:00:17Z] {"text": "Stupid check in. We aren't at Revival. (@ Shades of Green - @shadesgreenpub in New York, NY w/ @ash0283) https://t.co/TLpKX7dKZF", "geo": [-73.98787254, 40.73454149], "user": "CodeNY", "time": "2016-11-24T06:00:16Z"}
[2016-11-24T01:00:19Z] {"text": "We're #hiring! Click to apply: Sales - Administrator - Amazon Customer Team - https://t.co/e1UqdrrNnO #Job #Clerical #Seattle, WA #Veterans", "geo": [-122.3320708, 47.6062095], "user": "PGJobs", "time": "2016-11-24T06:00:18Z"}
[2016-11-24T01:00:31Z] {"text": "#mannequinchallenge Part1 @ New York, New York https://t.co/KXtjPPDGsC", "geo": [-74.0064, 40.7142], "user": "Darealcassou", "time": "2016-11-24T06:00:31Z"}
[2016-11-24T01:01:02Z] {"text": "Cruel / gameofloans @ New York, New York https://t.co/uoMax7a3Ol", "geo": [-74.0064, 40.7142], "user": "shefinds", "time": "2016-11-24T06:01:01Z"}
[2016-11-24T01:02:43Z] Program starts
[2016-11-24T01:02:48Z] {"text": "I'm at Café Amazon in Din Daeng, Bangkok https://t.co/LWyM6Pi3CY", "geo": [100.57217953, 13.77012416], "user": "itomkub", "time": "2016-11-24T06:02:47Z"}
[2016-11-24T01:03:16Z] {"text": "\"I did everything for New York\" jonbellion @ TERMINAL 5 https://t.co/fIp3C2JqC4", "geo": [-73.99277018, 40.76961486], "user": "GlennRohrbacker", "time": "2016-11-24T06:03:16Z"}
[2016-11-24T01:04:44Z] {"text": "I'm at Doc Holliday's in New York, NY https://t.co/ujJ6wE7RrX", "geo": [-73.98288578, 40.72722218], "user": "robcsrossi", "time": "2016-11-24T06:04:44Z"}
[2016-11-24T01:05:01Z] {"text": "#Trump in 2016 Temp:Crab Orchard, Ky.\":50.9°F Wind:2.5mph Pressure: 30.06hpa Steady Rain Today 0.00in.  Forecast: Fine, possible showers", "geo": [-84.51194444, 37.47472222], "user": "AppaloosaGuy", "time": "2016-11-24T06:05:00Z"}
[2016-11-24T01:06:09Z] {"text": "Times Square New York, the city that never sleeps #city #timessquare #newyork #urbanphotography… https://t.co/LV0vi7vzku", "geo": [-73.98644, 40.75839], "user": "CosmasGozali", "time": "2016-11-24T06:06:08Z"}
[2016-11-24T01:06:23Z] {"text": "Md has given you a FREE Uber ride (up to BDT250). To claim your free gift, sign up using this link: https://t.co/1ZIrNh7HSz", "geo": [90.4139578, 23.8120822], "user": "mdtuhin15834752", "time": "2016-11-24T06:06:22Z"}
[2016-11-24T01:07:07Z] {"text": "Responding to MVA near N Clovis Ave &amp; Alluvial Ave in Clovis\nhttps://t.co/qDrCLEyiwX", "geo": [-119.70147, 36.84474], "user": "AmericanAmb", "time": "2016-11-24T06:07:06Z"}
[2016-11-24T01:07:13Z] {"text": "#PeoplesDrugMart Terrace is #nowplaying Englishman in New York by #Sting #cubevenue", "geo": [-128.59839, 54.5162421], "user": "CUBE_LiveFeed", "time": "2016-11-24T06:07:13Z"}
[2016-11-24T01:07:26Z] {"text": "Cleared: Incident on #GeorgeWashingtonBridge EB at New York Side/Upper Level", "geo": [-73.945304, 40.850128], "user": "511NY", "time": "2016-11-24T06:07:25Z"}
[2016-11-24T01:07:26Z] {"text": "Cleared: Incident on #GeorgeWashingtonBridge EB at New York Side/Upper Level", "geo": [-73.945304, 40.850128], "user": "511NYC", "time": "2016-11-24T06:07:25Z"}
[2016-11-24T01:07:32Z] {"text": "ONE OF THE BEST DJS IN NEW YORK @djpryhme FOLLOW MY DAY1 👌👌🔥🔥🔥#weworking #grinding #oww #harlem… https://t.co/kJ9gkgAsio", "geo": [-73.93286, 40.84828], "user": "cartier231", "time": "2016-11-24T06:07:32Z"}
[2016-11-24T01:08:06Z] {"text": "Hillary Clinton's popular vote trumps Trump by over 2 million votes. #auditthevote @ Los Angeles… https://t.co/B8CmKEA3rS", "geo": [-118.3975983, 33.9442368], "user": "MyWakeUpCalls", "time": "2016-11-24T06:08:06Z"}
[2016-11-24T01:09:31Z] {"text": "💃💃💃 @ New York, New York https://t.co/leSJ7v8oWy", "geo": [-74.0064, 40.7142], "user": "elsnviansyh", "time": "2016-11-24T06:09:30Z"}
[2016-11-24T01:10:01Z] {"text": "#Trump in 2016 Temp:Crab Orchard, Ky.\":51.1°F Wind:2.9mph Pressure: 30.06hpa Steady Rain Today 0.00in.  Forecast: Fine, possible showers", "geo": [-84.51194444, 37.47472222], "user": "AppaloosaGuy", "time": "2016-11-24T06:10:01Z"}
[2016-11-24T01:10:35Z] {"text": "EMAIL REVEALS UNIV Of Pittsburgh Telling Professors To Give Students “Extra Credit” For Protesting Trump [VIDEO]… https://t.co/yeerQh9zjI", "geo": [-122.7756216, 45.5064511], "user": "EarlPdxPearl", "time": "2016-11-24T06:10:35Z"}
[2016-11-24T01:11:54Z] {"text": "I'm at Espresso Me in New York, NY https://t.co/Na3ZTOg7sb", "geo": [-73.997168, 40.690846], "user": "selflovebabe", "time": "2016-11-24T06:11:53Z"}
[2016-11-24T01:12:08Z] {"text": "Off to #protest again &amp; this time against facebook \n\nSee you there!… https://t.co/U2SnVqTRTb", "geo": [34.771677, 32.063047], "user": "TheBigKohen", "time": "2016-11-24T06:12:08Z"}
[2016-11-24T01:12:12Z] {"text": "Off to #protest again &amp; this time against facebook \n\nSee you there!… https://t.co/gDbZvZobTq", "geo": [34.771677, 32.063047], "user": "TheBigKohen", "time": "2016-11-24T06:12:11Z"}
[2016-11-24T01:12:22Z] {"text": "\"is it Trump an idiot?\"-Tommy\n\n#DengerBareng Green Day - American Idiot… (w/ Dian Sophia at @limadigitid) [pic] — https://t.co/DvZWG9Gkq2", "geo": [106.78461, -6.23898], "user": "tommybatman", "time": "2016-11-24T06:12:22Z"}
[2016-11-24T01:12:38Z] {"text": "New #practicekindness videos in the making. Follow practice kindness on #facebook. Link in bio.… https://t.co/ddIt4EI4XH", "geo": [-122.57779, 45.4433099], "user": "pdxsawyer", "time": "2016-11-24T06:12:38Z"}
[2016-11-24T01:12:58Z] {"text": "#NeverRomney:His appointment as SecretaryState would be historical mistake of Trump.He supports war with Syria&amp; Iran https://t.co/GI4oMzfTvi", "geo": [73.09900378, 33.72765008], "user": "blochjournalist", "time": "2016-11-24T06:12:57Z"}
[2016-11-24T01:15:01Z] {"text": "#Trump in 2016 Temp:Crab Orchard, Ky.\":51.3°F Wind:2.2mph Pressure: 30.06hpa Steady Rain Today 0.00in.  Forecast: Fine, possible showers", "geo": [-84.51194444, 37.47472222], "user": "AppaloosaGuy", "time": "2016-11-24T06:15:01Z"}
[2016-11-24T01:15:55Z] {"text": "Who needs a boyfriend when you can have a Miss Yolland??? @ Times Square, New York City https://t.co/cQz5B3J60y", "geo": [-73.98644, 40.75839], "user": "madimin77", "time": "2016-11-24T06:15:55Z"}
[2016-11-24T01:16:07Z] {"text": "at the edge of extinction.... as trump speeds us up to our demise, fishermen attempt to fix the… https://t.co/9dVTTKFxRv", "geo": [108.2336156, 10.95504378], "user": "machtoodis", "time": "2016-11-24T06:16:06Z"}
[2016-11-24T01:16:27Z] {"text": "Finally made it to Vandal @ Vandal New York https://t.co/Zx82Pe4Vze", "geo": [-73.99349, 40.72112], "user": "geezjelly", "time": "2016-11-24T06:16:27Z"}
[2016-11-24T01:17:20Z] {"text": "I'm at @MarqueeNy in New York, NY https://t.co/e6KYUBrh2m", "geo": [-74.00280484, 40.75008454], "user": "nadialove", "time": "2016-11-24T06:17:20Z"}
[2016-11-24T01:17:31Z] {"text": "Almost winter Night walk in Vancouver @ Vancouver, British Columbia https://t.co/CHuylFLxcO", "geo": [-123.1, 49.25], "user": "efraimsg", "time": "2016-11-24T06:17:31Z"}
[2016-11-24T01:18:10Z] {"text": "No se no se 😂😂😂😂😂 @ Bronx, New York https://t.co/MkksSIaHzg", "geo": [-73.8667, 40.85], "user": "DjPetete_", "time": "2016-11-24T06:18:10Z"}
[2016-11-24T01:18:12Z] {"text": "Along District of Columbia. @ Washington, District of Columbia https://t.co/V65bYJ2nUa", "geo": [-77.0367, 38.8951], "user": "MsKJGamayon", "time": "2016-11-24T06:18:11Z"}
[2016-11-24T01:18:29Z] {"text": "Wayboussett Hill (Providence County, RI) https://t.co/TNWe9tjEuu https://t.co/E7t4AfIWnd", "geo": [-71.409223, 41.8217669], "user": "weirdhills", "time": "2016-11-24T06:18:28Z"}
[2016-11-24T01:20:01Z] {"text": "#Trump in 2016 Temp:Crab Orchard, Ky.\":51.3°F Wind:2.0mph Pressure: 30.06hpa Steady Rain Today 0.00in.  Forecast: Fine, possible showers", "geo": [-84.51194444, 37.47472222], "user": "AppaloosaGuy", "time": "2016-11-24T06:20:01Z"}
[2016-11-24T01:20:11Z] {"text": "Decompressing... (@ P.J. Carney's Pub in New York, NY) https://t.co/y1w9OwfIwe", "geo": [-73.97971151, 40.7656821], "user": "BusyCityFilly", "time": "2016-11-24T06:20:10Z"}
[2016-11-24T01:21:17Z] {"text": "Just posted a photo @ New York, New York https://t.co/cZG6m5n89I", "geo": [-74.0064, 40.7142], "user": "frankiecocktail", "time": "2016-11-24T06:21:16Z"}
[2016-11-24T01:22:03Z] {"text": "Just posted a video @ New York, New York https://t.co/ASgwMkjDe7", "geo": [-74.0064, 40.7142], "user": "AQ_icebox", "time": "2016-11-24T06:22:02Z"}
[2016-11-25T20:36:39Z] Program starts
[2016-11-25T20:37:56Z] {"text": "I'm at @LexingtonsBar in New York, NY https://t.co/87I5Z8EO77", "geo": [-73.97746745, 40.74956684], "user": "JetSetAndGo", "time": "2016-11-26T01:37:55Z"}
[2016-11-25T20:38:08Z] {"text": "Mucha merde @karlamonroig! (@ The Poets Den Theater in New York, NY) https://t.co/QlgdWHpirl", "geo": [-73.94083568, 40.79159467], "user": "dvelezcardec", "time": "2016-11-26T01:38:07Z"}
[2016-11-25T20:39:19Z] {"text": "Love having all my kids home! @ New Hampton, New York https://t.co/y6OGII9oFe", "geo": [-74.4075, 41.4108], "user": "samrick007", "time": "2016-11-26T01:39:18Z"}
[2016-11-25T20:40:14Z] {"text": "Friday Night Turn Up! With Dj Viktor Vook!\n\nhttps://t.co/HKrrQvwJUg\n\n#hookah #hookups… https://t.co/RKXwSlPXur", "geo": [-117.70409, 33.62716], "user": "HookupsHooka", "time": "2016-11-26T01:40:13Z"}
[2016-11-25T20:40:23Z] {"text": "Souvenirs from the east coast. Representing New Jersey, New York, Pennsylvania, and Maine. #beer… https://t.co/aSTWipFhCX", "geo": [-74.5375, 40.2689], "user": "ianfoo", "time": "2016-11-26T01:40:22Z"}
[2016-11-25T20:40:38Z] {"text": "I'm at Kola House in New York, NY https://t.co/DIpPGoc12a", "geo": [-74.0058, 40.74178], "user": "MissWNDRLST", "time": "2016-11-26T01:40:38Z"}
[2016-11-25T20:40:45Z] {"text": "I'm at @PFChangs in West New York, NJ https://t.co/KlgSVIvEKh", "geo": [-74.01047, 40.77917], "user": "Dan_O_NJ", "time": "2016-11-26T01:40:45Z"}
[2016-11-25T20:40:46Z] {"text": "I'm at Roll It Up in New York, NY https://t.co/9uVVtfjJCc", "geo": [-73.9869976, 40.72761651], "user": "sirsim", "time": "2016-11-26T01:40:46Z"}
[2016-11-25T21:09:55Z] Program starts
[2016-11-25T21:10:13Z] {"text": "🙃 (at @Outback Steakhouse in New York, NY) https://t.co/39LEF5GimJ", "geo": [-73.991943, 40.74239], "user": "HugoCervantes24", "time": "2016-11-26T02:10:12Z"}
[2016-11-25T21:10:42Z] {"text": "HEY!!! OBOMA&amp;FAMILY!!!\n\nPRESIDENT ELECT TRUMP SAYS           MERRY CHRISTMAS,MERRY CHRISTMAS,MERRY CHRISTMAS\n\nGET OUT OF MY HOUSE BITCH!!!", "geo": [-75.05785344, 40.06751734], "user": "anthony5505", "time": "2016-11-26T02:10:42Z"}
[2016-11-25T21:10:59Z] {"text": "This happens to be the day Diana and I got engaged in New York. Went to this site that night and… https://t.co/KDPfmLEUja", "geo": [-73.9923478, 40.7506734], "user": "brian_bertrand", "time": "2016-11-26T02:10:58Z"}
[2016-11-25T21:11:00Z] {"text": "I'm at @NipporiNy in New York, NY https://t.co/NHwItzyZwi", "geo": [-73.98514649, 40.76263706], "user": "rhapsodyartist", "time": "2016-11-26T02:11:00Z"}
[2016-11-25T21:11:04Z] {"text": "I'm at Kola House in New York, NY https://t.co/shTfBkDo37", "geo": [-74.0058, 40.74178], "user": "remyftb", "time": "2016-11-26T02:11:04Z"}
[2016-11-25T21:11:13Z] {"text": "Caution - If Trump gives You an Appointment You better show him that you deserve it. OR-You're FIRED.", "geo": [-119.8031909, 39.5010336], "user": "jkruzel25", "time": "2016-11-26T02:11:13Z"}
[2016-11-25T21:11:50Z] {"text": "I'm at Marquis Theatre - @nederlanderbway in New York, NY https://t.co/6s707Mcw4H", "geo": [-73.9861393, 40.75850534], "user": "FiDiBrian", "time": "2016-11-26T02:11:50Z"}
[2016-11-25T21:12:09Z] {"text": "New York - where the bookstores are open late and the whiskey is… https://t.co/4UB3HH80aV", "geo": [-73.95, 40.7], "user": "charleybone", "time": "2016-11-26T02:12:08Z"}
[2016-11-25T21:12:20Z] {"text": "Checked in automatically with the Uber Checkin app! https://t.co/YcaKxwvUkk (at @grandriverchc) https://t.co/wdpNiqzEaE", "geo": [-80.25592089, 43.13890174], "user": "pgnimmo", "time": "2016-11-26T02:12:20Z"}
[2016-11-25T21:12:32Z] {"text": "Checked in automatically with the Uber Checkin app! https://t.co/YcaKxwvUkk (@ Brantford Music Centre) https://t.co/QKxpAjsBWz", "geo": [-80.25274443, 43.13962274], "user": "pgnimmo", "time": "2016-11-26T02:12:32Z"}
[2016-11-25T21:13:21Z] {"text": "Checked in automatically with the Uber Checkin app! https://t.co/YcaKxweiVK (@ Galganov and Associates) https://t.co/I9acDpuHhB", "geo": [-80.25128526, 43.13483563], "user": "pgnimmo", "time": "2016-11-26T02:13:21Z"}
[2016-11-25T21:13:32Z] {"text": "Checked in automatically with the Uber Checkin app! https://t.co/YcaKxwvUkk (@ ketchabuz in Brantford) https://t.co/yifGn933Ye", "geo": [-80.251427, 43.134221], "user": "pgnimmo", "time": "2016-11-26T02:13:32Z"}
[2016-11-25T21:13:42Z] {"text": "Turkey to New York Steaks. #usdaprime #newyork #steak #beef #newyorkstrip #dinner #foodporn… https://t.co/0PPGJu8sLF", "geo": [-122.23611111, 37.48277778], "user": "LiquidJoeNitro", "time": "2016-11-26T02:13:42Z"}
[2016-11-25T21:13:52Z] {"text": "Trump Tower #newyork #newyorkcity #manhattan #bigapple #fifthavenue #trumptower @ Trump Tower… https://t.co/kY7D9CBPBH", "geo": [-73.97391563, 40.76246983], "user": "AllenSpencer5", "time": "2016-11-26T02:13:52Z"}
[2016-11-25T21:14:22Z] {"text": "Met my long lost 6th sister at the gym💪🏼💕!! Friends on Facebook for years and we met in real… https://t.co/OhzC8ko4Vo", "geo": [-116.35227635, 43.63138943], "user": "StephEchoHawk", "time": "2016-11-26T02:14:22Z"}
[2016-11-25T21:14:23Z] {"text": "Goodbye New York!!! @ Newark Liberty International Airport https://t.co/pDKqGWrgJE", "geo": [-74.1686, 40.6925], "user": "nykdrew", "time": "2016-11-26T02:14:22Z"}
[2016-11-25T21:14:38Z] {"text": "This #job might be a great fit for you: Hospice Aide - PRN - https://t.co/wsRFtX3sMp #Columbia, TN #Hiring", "geo": [-87.0352831, 35.6150716], "user": "CarisHealthJobs", "time": "2016-11-26T02:14:38Z"}
[2016-11-25T21:15:01Z] {"text": "#Trump in 2016 Temp:Crab Orchard, Ky.\":39.2°F Wind:0.0mph Pressure: 30.36hpa Rising slowly Rain Today 0.00in.  Forecast: Settled fine", "geo": [-84.51194444, 37.47472222], "user": "AppaloosaGuy", "time": "2016-11-26T02:15:00Z"}
[2016-11-25T21:15:32Z] {"text": "Thank God its Friday; aquí los plebes le mandaron saludar @ Times Square, New York City https://t.co/UdJ2PhICwu", "geo": [-73.98644, 40.75839], "user": "abelperezs", "time": "2016-11-26T02:15:32Z"}
[2016-11-25T21:16:20Z] {"text": "@gaburkinsky 🐉#fashion #portrait #nyc #newface #model @ New York, New York https://t.co/PwFKOaiKfl", "geo": [-74.0064, 40.7142], "user": "felipeespinalNY", "time": "2016-11-26T02:16:19Z"}
[2016-11-25T21:16:23Z] {"text": "I'm at Naya Mezze &amp; Grill in New York, NY https://t.co/sKYeFefkzV", "geo": [-73.96604588, 40.75833217], "user": "LALOTAIR", "time": "2016-11-26T02:16:23Z"}
